# JRE version: OpenJDK Runtime Environment Temurin-21.0.8+9 (21.0.8+9) (build 21.0.8+9-LTS)
# Java VM: OpenJDK 64-Bit Server VM Temurin-21.0.8+9 (21.0.8+9-LTS, mixed mode, sharing, tiered, compressed oops, compressed class ptrs, parallel gc, windows-amd64)
GC Precious Log:
 CardTable entry size: 512
 CPUs: 12 total, 12 available
 Memory: 24191M
 Large Page Support: Disabled
 NUMA Support: Disabled
 Compressed Oops: Enabled (32-bit)
 Alignments: Space 512K, Generation 512K, Heap 2M
 Heap Min Capacity: 100M
 Heap Initial Capacity: 100M
 Heap Max Capacity: 2G
 Pre-touch: Disabled
 Parallel Workers: 10
Heap:
 PSYoungGen      total 4608K, used 3806K [0x00000000d5580000, 0x00000000d6500000, 0x0000000100000000)
  eden space 3584K, 78% used [0x00000000d5580000,0x00000000d583bac0,0x00000000d5900000)
  from space 1024K, 98% used [0x00000000d5e00000,0x00000000d5efbe78,0x00000000d5f00000)
  to   space 5120K, 0% used [0x00000000d5900000,0x00000000d5900000,0x00000000d5e00000)
 ParOldGen       total 184320K, used 184092K [0x0000000080000000, 0x000000008b400000, 0x00000000d5580000)
  object space 184320K, 99% used [0x0000000080000000,0x000000008b3c73f8,0x000000008b400000)
 Metaspace       used 74253K, committed 75904K, reserved 1179648K
  class space    used 7847K, committed 8512K, reserved 1048576K
GC Heap History (20 events):
Event: 71.228 GC heap before
{Heap before GC invocations=202 (full 3):
 PSYoungGen      total 6144K, used 6023K [0x00000000d5580000, 0x00000000d5f00000, 0x0000000100000000)
  eden space 5632K, 99% used [0x00000000d5580000,0x00000000d5af9ec0,0x00000000d5b00000)
  from space 512K, 81% used [0x00000000d5e80000,0x00000000d5ee8000,0x00000000d5f00000)
  to   space 512K, 0% used [0x00000000d5e00000,0x00000000d5e00000,0x00000000d5e80000)
 ParOldGen       total 179200K, used 178845K [0x0000000080000000, 0x000000008af00000, 0x00000000d5580000)
  object space 179200K, 99% used [0x0000000080000000,0x000000008aea7690,0x000000008af00000)
 Metaspace       used 69832K, committed 71424K, reserved 1114112K
  class space    used 7285K, committed 7936K, reserved 1048576K
}
Event: 71.231 GC heap after
{Heap after GC invocations=202 (full 3):
 PSYoungGen      total 6144K, used 448K [0x00000000d5580000, 0x00000000d5f00000, 0x0000000100000000)
  eden space 5632K, 0% used [0x00000000d5580000,0x00000000d5580000,0x00000000d5b00000)
  from space 512K, 87% used [0x00000000d5e00000,0x00000000d5e70000,0x00000000d5e80000)
  to   space 512K, 0% used [0x00000000d5e80000,0x00000000d5e80000,0x00000000d5f00000)
 ParOldGen       total 179200K, used 179157K [0x0000000080000000, 0x000000008af00000, 0x00000000d5580000)
  object space 179200K, 99% used [0x0000000080000000,0x000000008aef5690,0x000000008af00000)
 Metaspace       used 69832K, committed 71424K, reserved 1114112K
  class space    used 7285K, committed 7936K, reserved 1048576K
}
Event: 71.295 GC heap before
{Heap before GC invocations=203 (full 3):
 PSYoungGen      total 6144K, used 6035K [0x00000000d5580000, 0x00000000d5f00000, 0x0000000100000000)
  eden space 5632K, 99% used [0x00000000d5580000,0x00000000d5af4eb8,0x00000000d5b00000)
  from space 512K, 87% used [0x00000000d5e00000,0x00000000d5e70000,0x00000000d5e80000)
  to   space 512K, 0% used [0x00000000d5e80000,0x00000000d5e80000,0x00000000d5f00000)
 ParOldGen       total 179200K, used 179157K [0x0000000080000000, 0x000000008af00000, 0x00000000d5580000)
  object space 179200K, 99% used [0x0000000080000000,0x000000008aef5690,0x000000008af00000)
 Metaspace       used 69845K, committed 71424K, reserved 1114112K
  class space    used 7285K, committed 7936K, reserved 1048576K
}
Event: 71.296 GC heap after
{Heap after GC invocations=203 (full 3):
 PSYoungGen      total 6144K, used 192K [0x00000000d5580000, 0x00000000d5f00000, 0x0000000100000000)
  eden space 5632K, 0% used [0x00000000d5580000,0x00000000d5580000,0x00000000d5b00000)
  from space 512K, 37% used [0x00000000d5e80000,0x00000000d5eb0000,0x00000000d5f00000)
  to   space 512K, 0% used [0x00000000d5e00000,0x00000000d5e00000,0x00000000d5e80000)
 ParOldGen       total 179712K, used 179413K [0x0000000080000000, 0x000000008af80000, 0x00000000d5580000)
  object space 179712K, 99% used [0x0000000080000000,0x000000008af356a0,0x000000008af80000)
 Metaspace       used 69845K, committed 71424K, reserved 1114112K
  class space    used 7285K, committed 7936K, reserved 1048576K
}
Event: 71.376 GC heap before
{Heap before GC invocations=204 (full 3):
 PSYoungGen      total 6144K, used 5824K [0x00000000d5580000, 0x00000000d5f00000, 0x0000000100000000)
  eden space 5632K, 100% used [0x00000000d5580000,0x00000000d5b00000,0x00000000d5b00000)
  from space 512K, 37% used [0x00000000d5e80000,0x00000000d5eb0000,0x00000000d5f00000)
  to   space 512K, 0% used [0x00000000d5e00000,0x00000000d5e00000,0x00000000d5e80000)
 ParOldGen       total 179712K, used 179413K [0x0000000080000000, 0x000000008af80000, 0x00000000d5580000)
  object space 179712K, 99% used [0x0000000080000000,0x000000008af356a0,0x000000008af80000)
 Metaspace       used 70599K, committed 72192K, reserved 1114112K
  class space    used 7361K, committed 8000K, reserved 1048576K
}
Event: 71.378 GC heap after
{Heap after GC invocations=204 (full 3):
 PSYoungGen      total 6144K, used 481K [0x00000000d5580000, 0x00000000d5f00000, 0x0000000100000000)
  eden space 5632K, 0% used [0x00000000d5580000,0x00000000d5580000,0x00000000d5b00000)
  from space 512K, 94% used [0x00000000d5e00000,0x00000000d5e78748,0x00000000d5e80000)
  to   space 512K, 0% used [0x00000000d5e80000,0x00000000d5e80000,0x00000000d5f00000)
 ParOldGen       total 179712K, used 179477K [0x0000000080000000, 0x000000008af80000, 0x00000000d5580000)
  object space 179712K, 99% used [0x0000000080000000,0x000000008af456a0,0x000000008af80000)
 Metaspace       used 70599K, committed 72192K, reserved 1114112K
  class space    used 7361K, committed 8000K, reserved 1048576K
}
Event: 71.412 GC heap before
{Heap before GC invocations=205 (full 3):
 PSYoungGen      total 6144K, used 6113K [0x00000000d5580000, 0x00000000d5f00000, 0x0000000100000000)
  eden space 5632K, 100% used [0x00000000d5580000,0x00000000d5b00000,0x00000000d5b00000)
  from space 512K, 94% used [0x00000000d5e00000,0x00000000d5e78748,0x00000000d5e80000)
  to   space 512K, 0% used [0x00000000d5e80000,0x00000000d5e80000,0x00000000d5f00000)
 ParOldGen       total 179712K, used 179477K [0x0000000080000000, 0x000000008af80000, 0x00000000d5580000)
  object space 179712K, 99% used [0x0000000080000000,0x000000008af456a0,0x000000008af80000)
 Metaspace       used 71300K, committed 72960K, reserved 1179648K
  class space    used 7439K, committed 8128K, reserved 1048576K
}
Event: 71.416 GC heap after
{Heap after GC invocations=205 (full 3):
 PSYoungGen      total 6144K, used 288K [0x00000000d5580000, 0x00000000d5f00000, 0x0000000100000000)
  eden space 5632K, 0% used [0x00000000d5580000,0x00000000d5580000,0x00000000d5b00000)
  from space 512K, 56% used [0x00000000d5e80000,0x00000000d5ec8000,0x00000000d5f00000)
  to   space 512K, 0% used [0x00000000d5e00000,0x00000000d5e00000,0x00000000d5e80000)
 ParOldGen       total 180224K, used 179748K [0x0000000080000000, 0x000000008b000000, 0x00000000d5580000)
  object space 180224K, 99% used [0x0000000080000000,0x000000008af89280,0x000000008b000000)
 Metaspace       used 71300K, committed 72960K, reserved 1179648K
  class space    used 7439K, committed 8128K, reserved 1048576K
}
Event: 71.459 GC heap before
{Heap before GC invocations=206 (full 3):
 PSYoungGen      total 6144K, used 5920K [0x00000000d5580000, 0x00000000d5f00000, 0x0000000100000000)
  eden space 5632K, 100% used [0x00000000d5580000,0x00000000d5b00000,0x00000000d5b00000)
  from space 512K, 56% used [0x00000000d5e80000,0x00000000d5ec8000,0x00000000d5f00000)
  to   space 512K, 0% used [0x00000000d5e00000,0x00000000d5e00000,0x00000000d5e80000)
 ParOldGen       total 180224K, used 179748K [0x0000000080000000, 0x000000008b000000, 0x00000000d5580000)
  object space 180224K, 99% used [0x0000000080000000,0x000000008af89280,0x000000008b000000)
 Metaspace       used 71887K, committed 73472K, reserved 1179648K
  class space    used 7545K, committed 8192K, reserved 1048576K
}
Event: 71.460 GC heap after
{Heap after GC invocations=206 (full 3):
 PSYoungGen      total 6144K, used 352K [0x00000000d5580000, 0x00000000d5f00000, 0x0000000100000000)
  eden space 5632K, 0% used [0x00000000d5580000,0x00000000d5580000,0x00000000d5b00000)
  from space 512K, 68% used [0x00000000d5e00000,0x00000000d5e58000,0x00000000d5e80000)
  to   space 512K, 0% used [0x00000000d5e80000,0x00000000d5e80000,0x00000000d5f00000)
 ParOldGen       total 180224K, used 179852K [0x0000000080000000, 0x000000008b000000, 0x00000000d5580000)
  object space 180224K, 99% used [0x0000000080000000,0x000000008afa3280,0x000000008b000000)
 Metaspace       used 71887K, committed 73472K, reserved 1179648K
  class space    used 7545K, committed 8192K, reserved 1048576K
}
Event: 71.497 GC heap before
{Heap before GC invocations=207 (full 3):
 PSYoungGen      total 6144K, used 5984K [0x00000000d5580000, 0x00000000d5f00000, 0x0000000100000000)
  eden space 5632K, 100% used [0x00000000d5580000,0x00000000d5b00000,0x00000000d5b00000)
  from space 512K, 68% used [0x00000000d5e00000,0x00000000d5e58000,0x00000000d5e80000)
  to   space 512K, 0% used [0x00000000d5e80000,0x00000000d5e80000,0x00000000d5f00000)
 ParOldGen       total 180224K, used 179852K [0x0000000080000000, 0x000000008b000000, 0x00000000d5580000)
  object space 180224K, 99% used [0x0000000080000000,0x000000008afa3280,0x000000008b000000)
 Metaspace       used 72468K, committed 74048K, reserved 1179648K
  class space    used 7650K, committed 8320K, reserved 1048576K
}
Event: 71.498 GC heap after
{Heap after GC invocations=207 (full 3):
 PSYoungGen      total 6144K, used 288K [0x00000000d5580000, 0x00000000d5f00000, 0x0000000100000000)
  eden space 5632K, 0% used [0x00000000d5580000,0x00000000d5580000,0x00000000d5b00000)
  from space 512K, 56% used [0x00000000d5e80000,0x00000000d5ec8000,0x00000000d5f00000)
  to   space 512K, 0% used [0x00000000d5e00000,0x00000000d5e00000,0x00000000d5e80000)
 ParOldGen       total 180224K, used 180004K [0x0000000080000000, 0x000000008b000000, 0x00000000d5580000)
  object space 180224K, 99% used [0x0000000080000000,0x000000008afc92b0,0x000000008b000000)
 Metaspace       used 72468K, committed 74048K, reserved 1179648K
  class space    used 7650K, committed 8320K, reserved 1048576K
}
Event: 299.450 GC heap before
{Heap before GC invocations=208 (full 3):
 PSYoungGen      total 6144K, used 5920K [0x00000000d5580000, 0x00000000d5f00000, 0x0000000100000000)
  eden space 5632K, 100% used [0x00000000d5580000,0x00000000d5b00000,0x00000000d5b00000)
  from space 512K, 56% used [0x00000000d5e80000,0x00000000d5ec8000,0x00000000d5f00000)
  to   space 512K, 0% used [0x00000000d5e00000,0x00000000d5e00000,0x00000000d5e80000)
 ParOldGen       total 180224K, used 180004K [0x0000000080000000, 0x000000008b000000, 0x00000000d5580000)
  object space 180224K, 99% used [0x0000000080000000,0x000000008afc92b0,0x000000008b000000)
 Metaspace       used 73131K, committed 74752K, reserved 1179648K
  class space    used 7728K, committed 8384K, reserved 1048576K
}
Event: 299.456 GC heap after
{Heap after GC invocations=208 (full 3):
 PSYoungGen      total 6144K, used 416K [0x00000000d5580000, 0x00000000d5f00000, 0x0000000100000000)
  eden space 5632K, 0% used [0x00000000d5580000,0x00000000d5580000,0x00000000d5b00000)
  from space 512K, 81% used [0x00000000d5e00000,0x00000000d5e68000,0x00000000d5e80000)
  to   space 512K, 0% used [0x00000000d5e80000,0x00000000d5e80000,0x00000000d5f00000)
 ParOldGen       total 180224K, used 180140K [0x0000000080000000, 0x000000008b000000, 0x00000000d5580000)
  object space 180224K, 99% used [0x0000000080000000,0x000000008afeb2b0,0x000000008b000000)
 Metaspace       used 73131K, committed 74752K, reserved 1179648K
  class space    used 7728K, committed 8384K, reserved 1048576K
}
Event: 828.191 GC heap before
{Heap before GC invocations=209 (full 3):
 PSYoungGen      total 6144K, used 6030K [0x00000000d5580000, 0x00000000d5f00000, 0x0000000100000000)
  eden space 5632K, 99% used [0x00000000d5580000,0x00000000d5afbbb0,0x00000000d5b00000)
  from space 512K, 81% used [0x00000000d5e00000,0x00000000d5e68000,0x00000000d5e80000)
  to   space 512K, 0% used [0x00000000d5e80000,0x00000000d5e80000,0x00000000d5f00000)
 ParOldGen       total 180224K, used 180140K [0x0000000080000000, 0x000000008b000000, 0x00000000d5580000)
  object space 180224K, 99% used [0x0000000080000000,0x000000008afeb2b0,0x000000008b000000)
 Metaspace       used 73467K, committed 75072K, reserved 1179648K
  class space    used 7766K, committed 8384K, reserved 1048576K
}
Event: 828.193 GC heap after
{Heap after GC invocations=209 (full 3):
 PSYoungGen      total 6144K, used 482K [0x00000000d5580000, 0x00000000d5f00000, 0x0000000100000000)
  eden space 5632K, 0% used [0x00000000d5580000,0x00000000d5580000,0x00000000d5b00000)
  from space 512K, 94% used [0x00000000d5e80000,0x00000000d5ef8be0,0x00000000d5f00000)
  to   space 1024K, 0% used [0x00000000d5d00000,0x00000000d5d00000,0x00000000d5e00000)
 ParOldGen       total 180736K, used 180404K [0x0000000080000000, 0x000000008b080000, 0x00000000d5580000)
  object space 180736K, 99% used [0x0000000080000000,0x000000008b02d2c0,0x000000008b080000)
 Metaspace       used 73467K, committed 75072K, reserved 1179648K
  class space    used 7766K, committed 8384K, reserved 1048576K
}
Event: 828.418 GC heap before
{Heap before GC invocations=210 (full 3):
 PSYoungGen      total 6144K, used 5673K [0x00000000d5580000, 0x00000000d5f00000, 0x0000000100000000)
  eden space 5632K, 92% used [0x00000000d5580000,0x00000000d5a91b08,0x00000000d5b00000)
  from space 512K, 94% used [0x00000000d5e80000,0x00000000d5ef8be0,0x00000000d5f00000)
  to   space 1024K, 0% used [0x00000000d5d00000,0x00000000d5d00000,0x00000000d5e00000)
 ParOldGen       total 180736K, used 180404K [0x0000000080000000, 0x000000008b080000, 0x00000000d5580000)
  object space 180736K, 99% used [0x0000000080000000,0x000000008b02d2c0,0x000000008b080000)
 Metaspace       used 73987K, committed 75584K, reserved 1179648K
  class space    used 7816K, committed 8448K, reserved 1048576K
}
Event: 828.420 GC heap after
{Heap after GC invocations=210 (full 3):
 PSYoungGen      total 6656K, used 787K [0x00000000d5580000, 0x00000000d5f00000, 0x0000000100000000)
  eden space 5632K, 0% used [0x00000000d5580000,0x00000000d5580000,0x00000000d5b00000)
  from space 1024K, 76% used [0x00000000d5d00000,0x00000000d5dc4e88,0x00000000d5e00000)
  to   space 1024K, 0% used [0x00000000d5e00000,0x00000000d5e00000,0x00000000d5f00000)
 ParOldGen       total 181248K, used 180756K [0x0000000080000000, 0x000000008b100000, 0x00000000d5580000)
  object space 181248K, 99% used [0x0000000080000000,0x000000008b085300,0x000000008b100000)
 Metaspace       used 73987K, committed 75584K, reserved 1179648K
  class space    used 7816K, committed 8448K, reserved 1048576K
}
Event: 828.545 GC heap before
{Heap before GC invocations=211 (full 3):
 PSYoungGen      total 6656K, used 6419K [0x00000000d5580000, 0x00000000d5f00000, 0x0000000100000000)
  eden space 5632K, 100% used [0x00000000d5580000,0x00000000d5b00000,0x00000000d5b00000)
  from space 1024K, 76% used [0x00000000d5d00000,0x00000000d5dc4e88,0x00000000d5e00000)
  to   space 1024K, 0% used [0x00000000d5e00000,0x00000000d5e00000,0x00000000d5f00000)
 ParOldGen       total 181248K, used 180756K [0x0000000080000000, 0x000000008b100000, 0x00000000d5580000)
  object space 181248K, 99% used [0x0000000080000000,0x000000008b085300,0x000000008b100000)
 Metaspace       used 74115K, committed 75648K, reserved 1179648K
  class space    used 7831K, committed 8448K, reserved 1048576K
}
Event: 828.550 GC heap after
{Heap after GC invocations=211 (full 3):
 PSYoungGen      total 4608K, used 1007K [0x00000000d5580000, 0x00000000d6500000, 0x0000000100000000)
  eden space 3584K, 0% used [0x00000000d5580000,0x00000000d5580000,0x00000000d5900000)
  from space 1024K, 98% used [0x00000000d5e00000,0x00000000d5efbe78,0x00000000d5f00000)
  to   space 5120K, 0% used [0x00000000d5900000,0x00000000d5900000,0x00000000d5e00000)
 ParOldGen       total 184320K, used 184092K [0x0000000080000000, 0x000000008b400000, 0x00000000d5580000)
  object space 184320K, 99% used [0x0000000080000000,0x000000008b3c73f8,0x000000008b400000)
 Metaspace       used 74115K, committed 75648K, reserved 1179648K
  class space    used 7831K, committed 8448K, reserved 1048576K
}

